{"name": "test_002_appointments_creation", "status": "broken", "statusDetails": {"message": "selenium.common.exceptions.TimeoutException: Message: \nStacktrace:\n0   chromedriver                        0x0000000102eb3274 cxxbridge1$str$ptr + 2882596\n1   chromedriver                        0x0000000102eab1a0 cxxbridge1$str$ptr + 2849616\n2   chromedriver                        0x00000001029d5180 _RNvCslE4myv9Sbr3_7___rustc35___rust_no_alloc_shim_is_unstable_v2 + 73420\n3   chromedriver                        0x0000000102a1c4c4 _RNvCslE4myv9Sbr3_7___rustc35___rust_no_alloc_shim_is_unstable_v2 + 365072\n4   chromedriver                        0x0000000102a5d6c8 _RNvCslE4myv9Sbr3_7___rustc35___rust_no_alloc_shim_is_unstable_v2 + 631828\n5   chromedriver                        0x0000000102a10188 _RNvCslE4myv9Sbr3_7___rustc35___rust_no_alloc_shim_is_unstable_v2 + 315092\n6   chromedriver                        0x0000000102e76c54 cxxbridge1$str$ptr + 2635268\n7   chromedriver                        0x0000000102e79e6c cxxbridge1$str$ptr + 2648092\n8   chromedriver                        0x0000000102e585d4 cxxbridge1$str$ptr + 2510724\n9   chromedriver                        0x0000000102e7a718 cxxbridge1$str$ptr + 2650312\n10  chromedriver                        0x0000000102e49d7c cxxbridge1$str$ptr + 2451244\n11  chromedriver                        0x0000000102e99dd4 cxxbridge1$str$ptr + 2779012\n12  chromedriver                        0x0000000102e99f54 cxxbridge1$str$ptr + 2779396\n13  chromedriver                        0x0000000102eaadec cxxbridge1$str$ptr + 2848668\n14  libsystem_pthread.dylib             0x0000000195927c0c _pthread_start + 136\n15  libsystem_pthread.dylib             0x0000000195922b80 thread_start + 8", "trace": "setup = <selenium.webdriver.chrome.webdriver.WebDriver (session=\"acac585fbb11b6fff86a4b167a80367a\")>\n\n    @pytest.mark.sanity\n    @pytest.mark.order(2)\n    def test_002_appointments_creation(setup):\n        #---------- driver Invoke ---------------------\n        driver = setup\n        #---------- Login code ------------------------\n        login_page = LoginPage(driver)\n        login_page.login()\n        logger.info(\"Logged in successfully\")\n        # ------------------ Navigation to appointment ------------------\n        nav = ModulesNavigation(driver)\n        nav.Navigate_appointment_page()\n        logger.info(\"Navigated to appointment\")\n        #-------------- Patient and Appointment creation code ---------\n        app_page = Appointmentpage(driver)\n>       app_page.create_appointment()\n\nTestCases/test_appointments.py:25: \n_ _ _ _ _ _ _ _ _ _ _ _ _ _ _ _ _ _ _ _ _ _ _ _ _ _ _ _ _ _ _ _ _ _ _ _ _ _ _ _ _ _ _ _ _ _ _ _ _ _ _ _ _ _ _ _ _ _ _ _ _ _ _ _ _ _ _ _ _ _ _ _ _ _ _ _ _ _ _ _ _ \nPageObjects/appointment_page.py:63: in create_appointment\n    self.enter_text(self.patient_name_placeholder, patient_name)\nPageObjects/base_page.py:17: in enter_text\n    self.wait.until(EC.presence_of_element_located(locator)).send_keys(text)\n    ^^^^^^^^^^^^^^^^^^^^^^^^^^^^^^^^^^^^^^^^^^^^^^^^^^^^^^^^\n_ _ _ _ _ _ _ _ _ _ _ _ _ _ _ _ _ _ _ _ _ _ _ _ _ _ _ _ _ _ _ _ _ _ _ _ _ _ _ _ _ _ _ _ _ _ _ _ _ _ _ _ _ _ _ _ _ _ _ _ _ _ _ _ _ _ _ _ _ _ _ _ _ _ _ _ _ _ _ _ _ \n\nself = <selenium.webdriver.support.wait.WebDriverWait (session=\"acac585fbb11b6fff86a4b167a80367a\")>\nmethod = <function presence_of_element_located.<locals>._predicate at 0x102b9ea20>, message = ''\n\n    def until(self, method: Callable[[D], Union[Literal[False], T]], message: str = \"\") -> T:\n        \"\"\"Wait until the method returns a value that is not False.\n    \n        Calls the method provided with the driver as an argument until the\n        return value does not evaluate to ``False``.\n    \n        Parameters:\n        -----------\n        method: callable(WebDriver)\n            - A callable object that takes a WebDriver instance as an argument.\n    \n        message: str\n            - Optional message for :exc:`TimeoutException`\n    \n        Return:\n        -------\n        object: T\n            - The result of the last call to `method`\n    \n        Raises:\n        -------\n        TimeoutException\n            - If 'method' does not return a truthy value within the WebDriverWait\n            object's timeout\n    \n        Example:\n        --------\n        >>> from selenium.webdriver.common.by import By\n        >>> from selenium.webdriver.support.ui import WebDriverWait\n        >>> from selenium.webdriver.support import expected_conditions as EC\n    \n        # Wait until an element is visible on the page\n        >>> wait = WebDriverWait(driver, 10)\n        >>> element = wait.until(EC.visibility_of_element_located((By.ID, \"exampleId\")))\n        >>> print(element.text)\n        \"\"\"\n        screen = None\n        stacktrace = None\n    \n        end_time = time.monotonic() + self._timeout\n        while True:\n            try:\n                value = method(self._driver)\n                if value:\n                    return value\n            except self._ignored_exceptions as exc:\n                screen = getattr(exc, \"screen\", None)\n                stacktrace = getattr(exc, \"stacktrace\", None)\n            if time.monotonic() > end_time:\n                break\n            time.sleep(self._poll)\n>       raise TimeoutException(message, screen, stacktrace)\nE       selenium.common.exceptions.TimeoutException: Message: \nE       Stacktrace:\nE       0   chromedriver                        0x0000000102eb3274 cxxbridge1$str$ptr + 2882596\nE       1   chromedriver                        0x0000000102eab1a0 cxxbridge1$str$ptr + 2849616\nE       2   chromedriver                        0x00000001029d5180 _RNvCslE4myv9Sbr3_7___rustc35___rust_no_alloc_shim_is_unstable_v2 + 73420\nE       3   chromedriver                        0x0000000102a1c4c4 _RNvCslE4myv9Sbr3_7___rustc35___rust_no_alloc_shim_is_unstable_v2 + 365072\nE       4   chromedriver                        0x0000000102a5d6c8 _RNvCslE4myv9Sbr3_7___rustc35___rust_no_alloc_shim_is_unstable_v2 + 631828\nE       5   chromedriver                        0x0000000102a10188 _RNvCslE4myv9Sbr3_7___rustc35___rust_no_alloc_shim_is_unstable_v2 + 315092\nE       6   chromedriver                        0x0000000102e76c54 cxxbridge1$str$ptr + 2635268\nE       7   chromedriver                        0x0000000102e79e6c cxxbridge1$str$ptr + 2648092\nE       8   chromedriver                        0x0000000102e585d4 cxxbridge1$str$ptr + 2510724\nE       9   chromedriver                        0x0000000102e7a718 cxxbridge1$str$ptr + 2650312\nE       10  chromedriver                        0x0000000102e49d7c cxxbridge1$str$ptr + 2451244\nE       11  chromedriver                        0x0000000102e99dd4 cxxbridge1$str$ptr + 2779012\nE       12  chromedriver                        0x0000000102e99f54 cxxbridge1$str$ptr + 2779396\nE       13  chromedriver                        0x0000000102eaadec cxxbridge1$str$ptr + 2848668\nE       14  libsystem_pthread.dylib             0x0000000195927c0c _pthread_start + 136\nE       15  libsystem_pthread.dylib             0x0000000195922b80 thread_start + 8\n\n.venv/lib/python3.12/site-packages/selenium/webdriver/support/wait.py:138: TimeoutException"}, "attachments": [{"name": "log", "source": "1ca187c6-41fa-4180-8429-bcd1d2b93134-attachment.txt", "type": "text/plain"}], "start": 1759032919608, "stop": 1759032934542, "uuid": "c825b2b6-1b55-4346-b99b-684d85e33d02", "historyId": "f1b36e9c55a29e9ebb8d553d201810ca", "testCaseId": "f1b36e9c55a29e9ebb8d553d201810ca", "fullName": "TestCases.test_appointments#test_002_appointments_creation", "labels": [{"name": "tag", "value": "sanity"}, {"name": "parentSuite", "value": "TestCases"}, {"name": "suite", "value": "test_appointments"}, {"name": "host", "value": "PP-F2TQPQYXX2"}, {"name": "thread", "value": "13513-MainThread"}, {"name": "framework", "value": "pytest"}, {"name": "language", "value": "cpython3"}, {"name": "package", "value": "TestCases.test_appointments"}], "titlePath": ["TestCases", "test_appointments.py"]}